<?xml version="1.0" encoding="UTF-8"?>
<testsuite xmlns:xsi="http://www.w3.org/2001/XMLSchema-instance" xsi:noNamespaceSchemaLocation="https://maven.apache.org/surefire/maven-failsafe-plugin/xsd/failsafe-test-report.xsd" name="TestSuite" time="1,734.635" tests="258" errors="0" skipped="4" failures="1">
  <properties>
    <property name="sun.desktop" value="windows"/>
    <property name="awt.toolkit" value="sun.awt.windows.WToolkit"/>
    <property name="file.encoding.pkg" value="sun.io"/>
    <property name="java.specification.version" value="1.8"/>
    <property name="sun.cpu.isalist" value="amd64"/>
    <property name="sun.jnu.encoding" value="Cp1252"/>
    <property name="java.class.path" value="C:\Users\workpeter\Documents\Eclipse-workspace\ARGOS\target\test-classes;C:\Users\workpeter\Documents\Eclipse-workspace\ARGOS\target\ARGOS-1.1.jar;C:\Users\workpeter\.m2\repository\org\seleniumhq\selenium\selenium-java\3.12.0\selenium-java-3.12.0.jar;C:\Users\workpeter\.m2\repository\org\seleniumhq\selenium\selenium-api\3.12.0\selenium-api-3.12.0.jar;C:\Users\workpeter\.m2\repository\org\seleniumhq\selenium\selenium-chrome-driver\3.12.0\selenium-chrome-driver-3.12.0.jar;C:\Users\workpeter\.m2\repository\org\seleniumhq\selenium\selenium-edge-driver\3.12.0\selenium-edge-driver-3.12.0.jar;C:\Users\workpeter\.m2\repository\org\seleniumhq\selenium\selenium-firefox-driver\3.12.0\selenium-firefox-driver-3.12.0.jar;C:\Users\workpeter\.m2\repository\org\seleniumhq\selenium\selenium-ie-driver\3.12.0\selenium-ie-driver-3.12.0.jar;C:\Users\workpeter\.m2\repository\org\seleniumhq\selenium\selenium-opera-driver\3.12.0\selenium-opera-driver-3.12.0.jar;C:\Users\workpeter\.m2\repository\org\seleniumhq\selenium\selenium-remote-driver\3.12.0\selenium-remote-driver-3.12.0.jar;C:\Users\workpeter\.m2\repository\org\seleniumhq\selenium\selenium-safari-driver\3.12.0\selenium-safari-driver-3.12.0.jar;C:\Users\workpeter\.m2\repository\org\seleniumhq\selenium\selenium-support\3.12.0\selenium-support-3.12.0.jar;C:\Users\workpeter\.m2\repository\net\bytebuddy\byte-buddy\1.8.3\byte-buddy-1.8.3.jar;C:\Users\workpeter\.m2\repository\org\apache\commons\commons-exec\1.3\commons-exec-1.3.jar;C:\Users\workpeter\.m2\repository\commons-codec\commons-codec\1.10\commons-codec-1.10.jar;C:\Users\workpeter\.m2\repository\commons-logging\commons-logging\1.2\commons-logging-1.2.jar;C:\Users\workpeter\.m2\repository\com\google\code\gson\gson\2.8.2\gson-2.8.2.jar;C:\Users\workpeter\.m2\repository\org\apache\httpcomponents\httpclient\4.5.3\httpclient-4.5.3.jar;C:\Users\workpeter\.m2\repository\org\apache\httpcomponents\httpcore\4.4.6\httpcore-4.4.6.jar;C:\Users\workpeter\.m2\repository\com\squareup\okhttp3\okhttp\3.9.1\okhttp-3.9.1.jar;C:\Users\workpeter\.m2\repository\com\squareup\okio\okio\1.13.0\okio-1.13.0.jar;C:\Users\workpeter\.m2\repository\org\testng\testng\6.11\testng-6.11.jar;C:\Users\workpeter\.m2\repository\com\beust\jcommander\1.64\jcommander-1.64.jar;C:\Users\workpeter\.m2\repository\org\yaml\snakeyaml\1.17\snakeyaml-1.17.jar;C:\Users\workpeter\.m2\repository\io\cucumber\cucumber-testng\3.0.2\cucumber-testng-3.0.2.jar;C:\Users\workpeter\.m2\repository\io\cucumber\cucumber-core\3.0.2\cucumber-core-3.0.2.jar;C:\Users\workpeter\.m2\repository\io\cucumber\cucumber-html\0.2.7\cucumber-html-0.2.7.jar;C:\Users\workpeter\.m2\repository\io\cucumber\tag-expressions\1.1.1\tag-expressions-1.1.1.jar;C:\Users\workpeter\.m2\repository\io\cucumber\cucumber-expressions\5.0.19\cucumber-expressions-5.0.19.jar;C:\Users\workpeter\.m2\repository\io\cucumber\datatable\1.0.3\datatable-1.0.3.jar;C:\Users\workpeter\.m2\repository\io\cucumber\datatable-dependencies\1.0.3\datatable-dependencies-1.0.3.jar;C:\Users\workpeter\.m2\repository\io\cucumber\cucumber-java\3.0.2\cucumber-java-3.0.2.jar;C:\Users\workpeter\.m2\repository\io\cucumber\gherkin\5.1.0\gherkin-5.1.0.jar;C:\Users\workpeter\.m2\repository\io\cucumber\gherkin-jvm-deps\1.0.4\gherkin-jvm-deps-1.0.4.jar;C:\Users\workpeter\.m2\repository\net\masterthought\cucumber-reporting\1.1.0\cucumber-reporting-1.1.0.jar;C:\Users\workpeter\.m2\repository\org\apache\logging\log4j\log4j-api\2.5\log4j-api-2.5.jar;C:\Users\workpeter\.m2\repository\org\apache\logging\log4j\log4j-core\2.5\log4j-core-2.5.jar;C:\Users\workpeter\.m2\repository\org\apache\velocity\velocity\1.7\velocity-1.7.jar;C:\Users\workpeter\.m2\repository\commons-collections\commons-collections\3.2.1\commons-collections-3.2.1.jar;C:\Users\workpeter\.m2\repository\commons-lang\commons-lang\2.4\commons-lang-2.4.jar;C:\Users\workpeter\.m2\repository\velocity-tools\velocity-tools\1.4\velocity-tools-1.4.jar;C:\Users\workpeter\.m2\repository\joda-time\joda-time\2.9.1\joda-time-2.9.1.jar;C:\Users\workpeter\.m2\repository\org\apache\commons\commons-lang3\3.4\commons-lang3-3.4.jar;C:\Users\workpeter\.m2\repository\commons-io\commons-io\2.4\commons-io-2.4.jar;C:\Users\workpeter\.m2\repository\net\lingala\zip4j\zip4j\1.3.2\zip4j-1.3.2.jar;C:\Users\workpeter\.m2\repository\org\apache\maven\plugins\maven-gpg-plugin\1.6\maven-gpg-plugin-1.6.jar;C:\Users\workpeter\.m2\repository\org\apache\maven\maven-repository-metadata\2.2.1\maven-repository-metadata-2.2.1.jar;C:\Users\workpeter\.m2\repository\org\sonatype\plexus\plexus-sec-dispatcher\1.4\plexus-sec-dispatcher-1.4.jar;C:\Users\workpeter\.m2\repository\org\sonatype\plexus\plexus-cipher\1.4\plexus-cipher-1.4.jar;C:\Users\workpeter\.m2\repository\org\jsoup\jsoup\1.8.3\jsoup-1.8.3.jar;C:\Users\workpeter\.m2\repository\net\lightbody\bmp\browsermob-core\2.1.5\browsermob-core-2.1.5.jar;C:\Users\workpeter\.m2\repository\net\lightbody\bmp\littleproxy\1.1.0-beta-bmp-17\littleproxy-1.1.0-beta-bmp-17.jar;C:\Users\workpeter\.m2\repository\com\fasterxml\jackson\core\jackson-core\2.8.9\jackson-core-2.8.9.jar;C:\Users\workpeter\.m2\repository\com\fasterxml\jackson\core\jackson-databind\2.8.9\jackson-databind-2.8.9.jar;C:\Users\workpeter\.m2\repository\com\fasterxml\jackson\core\jackson-annotations\2.8.9\jackson-annotations-2.8.9.jar;C:\Users\workpeter\.m2\repository\dnsjava\dnsjava\2.1.8\dnsjava-2.1.8.jar;C:\Users\workpeter\.m2\repository\org\slf4j\jcl-over-slf4j\1.7.25\jcl-over-slf4j-1.7.25.jar;C:\Users\workpeter\.m2\repository\com\jcraft\jzlib\1.1.3\jzlib-1.1.3.jar;C:\Users\workpeter\.m2\repository\io\netty\netty-all\4.0.51.Final\netty-all-4.0.51.Final.jar;C:\Users\workpeter\.m2\repository\org\bouncycastle\bcprov-jdk15on\1.58\bcprov-jdk15on-1.58.jar;C:\Users\workpeter\.m2\repository\org\bouncycastle\bcpkix-jdk15on\1.58\bcpkix-jdk15on-1.58.jar;C:\Users\workpeter\.m2\repository\net\lightbody\bmp\mitm\2.1.5\mitm-2.1.5.jar;C:\Users\workpeter\.m2\repository\org\slf4j\slf4j-api\1.7.25\slf4j-api-1.7.25.jar;C:\Users\workpeter\.m2\repository\org\slf4j\slf4j-log4j12\1.7.25\slf4j-log4j12-1.7.25.jar;C:\Users\workpeter\.m2\repository\log4j\log4j\1.2.17\log4j-1.2.17.jar;C:\Users\workpeter\.m2\repository\org\apache\maven\plugins\maven-surefire-plugin\2.21.0\maven-surefire-plugin-2.21.0.jar;C:\Users\workpeter\.m2\repository\org\apache\maven\surefire\maven-surefire-common\2.21.0\maven-surefire-common-2.21.0.jar;C:\Users\workpeter\.m2\repository\org\apache\maven\plugin-tools\maven-plugin-annotations\3.5\maven-plugin-annotations-3.5.jar;C:\Users\workpeter\.m2\repository\org\apache\maven\surefire\surefire-api\2.21.0\surefire-api-2.21.0.jar;C:\Users\workpeter\.m2\repository\org\apache\maven\surefire\surefire-logger-api\2.21.0\surefire-logger-api-2.21.0.jar;C:\Users\workpeter\.m2\repository\org\apache\maven\surefire\surefire-booter\2.21.0\surefire-booter-2.21.0.jar;C:\Users\workpeter\.m2\repository\org\apache\maven\maven-plugin-descriptor\2.2.1\maven-plugin-descriptor-2.2.1.jar;C:\Users\workpeter\.m2\repository\org\apache\maven\maven-toolchain\2.2.1\maven-toolchain-2.2.1.jar;C:\Users\workpeter\.m2\repository\org\apache\maven\plugins\maven-failsafe-plugin\2.21.0\maven-failsafe-plugin-2.21.0.jar;C:\Users\workpeter\.m2\repository\org\apache\maven\plugins\maven-compiler-plugin\3.7.0\maven-compiler-plugin-3.7.0.jar;C:\Users\workpeter\.m2\repository\org\apache\maven\maven-plugin-api\3.0\maven-plugin-api-3.0.jar;C:\Users\workpeter\.m2\repository\org\sonatype\sisu\sisu-inject-plexus\1.4.2\sisu-inject-plexus-1.4.2.jar;C:\Users\workpeter\.m2\repository\org\sonatype\sisu\sisu-inject-bean\1.4.2\sisu-inject-bean-1.4.2.jar;C:\Users\workpeter\.m2\repository\org\sonatype\sisu\sisu-guice\2.1.7\sisu-guice-2.1.7-noaop.jar;C:\Users\workpeter\.m2\repository\org\apache\maven\maven-artifact\3.0\maven-artifact-3.0.jar;C:\Users\workpeter\.m2\repository\org\apache\maven\maven-core\3.0\maven-core-3.0.jar;C:\Users\workpeter\.m2\repository\org\apache\maven\maven-settings\3.0\maven-settings-3.0.jar;C:\Users\workpeter\.m2\repository\org\apache\maven\maven-settings-builder\3.0\maven-settings-builder-3.0.jar;C:\Users\workpeter\.m2\repository\org\apache\maven\maven-model-builder\3.0\maven-model-builder-3.0.jar;C:\Users\workpeter\.m2\repository\org\apache\maven\maven-aether-provider\3.0\maven-aether-provider-3.0.jar;C:\Users\workpeter\.m2\repository\org\sonatype\aether\aether-impl\1.7\aether-impl-1.7.jar;C:\Users\workpeter\.m2\repository\org\sonatype\aether\aether-spi\1.7\aether-spi-1.7.jar;C:\Users\workpeter\.m2\repository\org\sonatype\aether\aether-api\1.7\aether-api-1.7.jar;C:\Users\workpeter\.m2\repository\org\sonatype\aether\aether-util\1.7\aether-util-1.7.jar;C:\Users\workpeter\.m2\repository\org\codehaus\plexus\plexus-interpolation\1.14\plexus-interpolation-1.14.jar;C:\Users\workpeter\.m2\repository\org\codehaus\plexus\plexus-classworlds\2.2.3\plexus-classworlds-2.2.3.jar;C:\Users\workpeter\.m2\repository\org\codehaus\plexus\plexus-component-annotations\1.5.5\plexus-component-annotations-1.5.5.jar;C:\Users\workpeter\.m2\repository\org\apache\maven\shared\maven-shared-utils\3.1.0\maven-shared-utils-3.1.0.jar;C:\Users\workpeter\.m2\repository\org\apache\maven\shared\maven-shared-incremental\1.1\maven-shared-incremental-1.1.jar;C:\Users\workpeter\.m2\repository\org\codehaus\plexus\plexus-java\0.9.2\plexus-java-0.9.2.jar;C:\Users\workpeter\.m2\repository\org\ow2\asm\asm\6.0_BETA\asm-6.0_BETA.jar;C:\Users\workpeter\.m2\repository\com\thoughtworks\qdox\qdox\2.0-M7\qdox-2.0-M7.jar;C:\Users\workpeter\.m2\repository\org\codehaus\plexus\plexus-compiler-api\2.8.2\plexus-compiler-api-2.8.2.jar;C:\Users\workpeter\.m2\repository\org\codehaus\plexus\plexus-compiler-manager\2.8.2\plexus-compiler-manager-2.8.2.jar;C:\Users\workpeter\.m2\repository\org\codehaus\plexus\plexus-compiler-javac\2.8.2\plexus-compiler-javac-2.8.2.jar;C:\Users\workpeter\.m2\repository\org\apache\maven\plugins\maven-install-plugin\2.5.2\maven-install-plugin-2.5.2.jar;C:\Users\workpeter\.m2\repository\org\apache\maven\maven-project\2.2.1\maven-project-2.2.1.jar;C:\Users\workpeter\.m2\repository\org\apache\maven\maven-profile\2.2.1\maven-profile-2.2.1.jar;C:\Users\workpeter\.m2\repository\org\apache\maven\maven-plugin-registry\2.2.1\maven-plugin-registry-2.2.1.jar;C:\Users\workpeter\.m2\repository\org\codehaus\plexus\plexus-container-default\1.0-alpha-9-stable-1\plexus-container-default-1.0-alpha-9-stable-1.jar;C:\Users\workpeter\.m2\repository\junit\junit\3.8.1\junit-3.8.1.jar;C:\Users\workpeter\.m2\repository\classworlds\classworlds\1.1-alpha-2\classworlds-1.1-alpha-2.jar;C:\Users\workpeter\.m2\repository\org\apache\maven\maven-model\2.2.1\maven-model-2.2.1.jar;C:\Users\workpeter\.m2\repository\org\apache\maven\maven-artifact-manager\2.2.1\maven-artifact-manager-2.2.1.jar;C:\Users\workpeter\.m2\repository\org\apache\maven\wagon\wagon-provider-api\1.0-beta-6\wagon-provider-api-1.0-beta-6.jar;C:\Users\workpeter\.m2\repository\backport-util-concurrent\backport-util-concurrent\3.1\backport-util-concurrent-3.1.jar;C:\Users\workpeter\.m2\repository\org\codehaus\plexus\plexus-utils\3.0.15\plexus-utils-3.0.15.jar;C:\Users\workpeter\.m2\repository\com\google\guava\guava\24.0-jre\guava-24.0-jre.jar;C:\Users\workpeter\.m2\repository\com\google\code\findbugs\jsr305\1.3.9\jsr305-1.3.9.jar;C:\Users\workpeter\.m2\repository\org\checkerframework\checker-compat-qual\2.0.0\checker-compat-qual-2.0.0.jar;C:\Users\workpeter\.m2\repository\com\google\errorprone\error_prone_annotations\2.1.3\error_prone_annotations-2.1.3.jar;C:\Users\workpeter\.m2\repository\com\google\j2objc\j2objc-annotations\1.1\j2objc-annotations-1.1.jar;C:\Users\workpeter\.m2\repository\org\codehaus\mojo\animal-sniffer-annotations\1.14\animal-sniffer-annotations-1.14.jar;C:\Users\workpeter\.m2\repository\org\apache\poi\poi\3.7\poi-3.7.jar;C:\Users\workpeter\.m2\repository\org\apache\maven\surefire\surefire-testng-utils\2.21.0\surefire-testng-utils-2.21.0.jar;C:\Users\workpeter\.m2\repository\org\apache\maven\surefire\surefire-grouper\2.21.0\surefire-grouper-2.21.0.jar;"/>
    <property name="java.vm.vendor" value="Oracle Corporation"/>
    <property name="sun.arch.data.model" value="64"/>
    <property name="user.variant" value=""/>
    <property name="java.vendor.url" value="http://java.oracle.com/"/>
    <property name="user.timezone" value=""/>
    <property name="java.vm.specification.version" value="1.8"/>
    <property name="os.name" value="Windows 10"/>
    <property name="user.country" value="GB"/>
    <property name="sun.java.launcher" value="SUN_STANDARD"/>
    <property name="sun.boot.library.path" value="C:\Program Files\Java\jdk1.8.0_161\jre\bin"/>
    <property name="sun.java.command" value="C:\Users\WORKPE~1\AppData\Local\Temp\surefire7212635774783878401\surefirebooter8345549583034046150.jar C:\Users\workpeter\AppData\Local\Temp\surefire7212635774783878401 2018-06-27T15-38-30_474-jvmRun1 surefire7606439542717736244tmp surefire_0783599559006578665tmp"/>
    <property name="surefire.test.class.path" value="C:\Users\workpeter\Documents\Eclipse-workspace\ARGOS\target\test-classes;C:\Users\workpeter\Documents\Eclipse-workspace\ARGOS\target\ARGOS-1.1.jar;C:\Users\workpeter\.m2\repository\org\seleniumhq\selenium\selenium-java\3.12.0\selenium-java-3.12.0.jar;C:\Users\workpeter\.m2\repository\org\seleniumhq\selenium\selenium-api\3.12.0\selenium-api-3.12.0.jar;C:\Users\workpeter\.m2\repository\org\seleniumhq\selenium\selenium-chrome-driver\3.12.0\selenium-chrome-driver-3.12.0.jar;C:\Users\workpeter\.m2\repository\org\seleniumhq\selenium\selenium-edge-driver\3.12.0\selenium-edge-driver-3.12.0.jar;C:\Users\workpeter\.m2\repository\org\seleniumhq\selenium\selenium-firefox-driver\3.12.0\selenium-firefox-driver-3.12.0.jar;C:\Users\workpeter\.m2\repository\org\seleniumhq\selenium\selenium-ie-driver\3.12.0\selenium-ie-driver-3.12.0.jar;C:\Users\workpeter\.m2\repository\org\seleniumhq\selenium\selenium-opera-driver\3.12.0\selenium-opera-driver-3.12.0.jar;C:\Users\workpeter\.m2\repository\org\seleniumhq\selenium\selenium-remote-driver\3.12.0\selenium-remote-driver-3.12.0.jar;C:\Users\workpeter\.m2\repository\org\seleniumhq\selenium\selenium-safari-driver\3.12.0\selenium-safari-driver-3.12.0.jar;C:\Users\workpeter\.m2\repository\org\seleniumhq\selenium\selenium-support\3.12.0\selenium-support-3.12.0.jar;C:\Users\workpeter\.m2\repository\net\bytebuddy\byte-buddy\1.8.3\byte-buddy-1.8.3.jar;C:\Users\workpeter\.m2\repository\org\apache\commons\commons-exec\1.3\commons-exec-1.3.jar;C:\Users\workpeter\.m2\repository\commons-codec\commons-codec\1.10\commons-codec-1.10.jar;C:\Users\workpeter\.m2\repository\commons-logging\commons-logging\1.2\commons-logging-1.2.jar;C:\Users\workpeter\.m2\repository\com\google\code\gson\gson\2.8.2\gson-2.8.2.jar;C:\Users\workpeter\.m2\repository\org\apache\httpcomponents\httpclient\4.5.3\httpclient-4.5.3.jar;C:\Users\workpeter\.m2\repository\org\apache\httpcomponents\httpcore\4.4.6\httpcore-4.4.6.jar;C:\Users\workpeter\.m2\repository\com\squareup\okhttp3\okhttp\3.9.1\okhttp-3.9.1.jar;C:\Users\workpeter\.m2\repository\com\squareup\okio\okio\1.13.0\okio-1.13.0.jar;C:\Users\workpeter\.m2\repository\org\testng\testng\6.11\testng-6.11.jar;C:\Users\workpeter\.m2\repository\com\beust\jcommander\1.64\jcommander-1.64.jar;C:\Users\workpeter\.m2\repository\org\yaml\snakeyaml\1.17\snakeyaml-1.17.jar;C:\Users\workpeter\.m2\repository\io\cucumber\cucumber-testng\3.0.2\cucumber-testng-3.0.2.jar;C:\Users\workpeter\.m2\repository\io\cucumber\cucumber-core\3.0.2\cucumber-core-3.0.2.jar;C:\Users\workpeter\.m2\repository\io\cucumber\cucumber-html\0.2.7\cucumber-html-0.2.7.jar;C:\Users\workpeter\.m2\repository\io\cucumber\tag-expressions\1.1.1\tag-expressions-1.1.1.jar;C:\Users\workpeter\.m2\repository\io\cucumber\cucumber-expressions\5.0.19\cucumber-expressions-5.0.19.jar;C:\Users\workpeter\.m2\repository\io\cucumber\datatable\1.0.3\datatable-1.0.3.jar;C:\Users\workpeter\.m2\repository\io\cucumber\datatable-dependencies\1.0.3\datatable-dependencies-1.0.3.jar;C:\Users\workpeter\.m2\repository\io\cucumber\cucumber-java\3.0.2\cucumber-java-3.0.2.jar;C:\Users\workpeter\.m2\repository\io\cucumber\gherkin\5.1.0\gherkin-5.1.0.jar;C:\Users\workpeter\.m2\repository\io\cucumber\gherkin-jvm-deps\1.0.4\gherkin-jvm-deps-1.0.4.jar;C:\Users\workpeter\.m2\repository\net\masterthought\cucumber-reporting\1.1.0\cucumber-reporting-1.1.0.jar;C:\Users\workpeter\.m2\repository\org\apache\logging\log4j\log4j-api\2.5\log4j-api-2.5.jar;C:\Users\workpeter\.m2\repository\org\apache\logging\log4j\log4j-core\2.5\log4j-core-2.5.jar;C:\Users\workpeter\.m2\repository\org\apache\velocity\velocity\1.7\velocity-1.7.jar;C:\Users\workpeter\.m2\repository\commons-collections\commons-collections\3.2.1\commons-collections-3.2.1.jar;C:\Users\workpeter\.m2\repository\commons-lang\commons-lang\2.4\commons-lang-2.4.jar;C:\Users\workpeter\.m2\repository\velocity-tools\velocity-tools\1.4\velocity-tools-1.4.jar;C:\Users\workpeter\.m2\repository\joda-time\joda-time\2.9.1\joda-time-2.9.1.jar;C:\Users\workpeter\.m2\repository\org\apache\commons\commons-lang3\3.4\commons-lang3-3.4.jar;C:\Users\workpeter\.m2\repository\commons-io\commons-io\2.4\commons-io-2.4.jar;C:\Users\workpeter\.m2\repository\net\lingala\zip4j\zip4j\1.3.2\zip4j-1.3.2.jar;C:\Users\workpeter\.m2\repository\org\apache\maven\plugins\maven-gpg-plugin\1.6\maven-gpg-plugin-1.6.jar;C:\Users\workpeter\.m2\repository\org\apache\maven\maven-repository-metadata\2.2.1\maven-repository-metadata-2.2.1.jar;C:\Users\workpeter\.m2\repository\org\sonatype\plexus\plexus-sec-dispatcher\1.4\plexus-sec-dispatcher-1.4.jar;C:\Users\workpeter\.m2\repository\org\sonatype\plexus\plexus-cipher\1.4\plexus-cipher-1.4.jar;C:\Users\workpeter\.m2\repository\org\jsoup\jsoup\1.8.3\jsoup-1.8.3.jar;C:\Users\workpeter\.m2\repository\net\lightbody\bmp\browsermob-core\2.1.5\browsermob-core-2.1.5.jar;C:\Users\workpeter\.m2\repository\net\lightbody\bmp\littleproxy\1.1.0-beta-bmp-17\littleproxy-1.1.0-beta-bmp-17.jar;C:\Users\workpeter\.m2\repository\com\fasterxml\jackson\core\jackson-core\2.8.9\jackson-core-2.8.9.jar;C:\Users\workpeter\.m2\repository\com\fasterxml\jackson\core\jackson-databind\2.8.9\jackson-databind-2.8.9.jar;C:\Users\workpeter\.m2\repository\com\fasterxml\jackson\core\jackson-annotations\2.8.9\jackson-annotations-2.8.9.jar;C:\Users\workpeter\.m2\repository\dnsjava\dnsjava\2.1.8\dnsjava-2.1.8.jar;C:\Users\workpeter\.m2\repository\org\slf4j\jcl-over-slf4j\1.7.25\jcl-over-slf4j-1.7.25.jar;C:\Users\workpeter\.m2\repository\com\jcraft\jzlib\1.1.3\jzlib-1.1.3.jar;C:\Users\workpeter\.m2\repository\io\netty\netty-all\4.0.51.Final\netty-all-4.0.51.Final.jar;C:\Users\workpeter\.m2\repository\org\bouncycastle\bcprov-jdk15on\1.58\bcprov-jdk15on-1.58.jar;C:\Users\workpeter\.m2\repository\org\bouncycastle\bcpkix-jdk15on\1.58\bcpkix-jdk15on-1.58.jar;C:\Users\workpeter\.m2\repository\net\lightbody\bmp\mitm\2.1.5\mitm-2.1.5.jar;C:\Users\workpeter\.m2\repository\org\slf4j\slf4j-api\1.7.25\slf4j-api-1.7.25.jar;C:\Users\workpeter\.m2\repository\org\slf4j\slf4j-log4j12\1.7.25\slf4j-log4j12-1.7.25.jar;C:\Users\workpeter\.m2\repository\log4j\log4j\1.2.17\log4j-1.2.17.jar;C:\Users\workpeter\.m2\repository\org\apache\maven\plugins\maven-surefire-plugin\2.21.0\maven-surefire-plugin-2.21.0.jar;C:\Users\workpeter\.m2\repository\org\apache\maven\surefire\maven-surefire-common\2.21.0\maven-surefire-common-2.21.0.jar;C:\Users\workpeter\.m2\repository\org\apache\maven\plugin-tools\maven-plugin-annotations\3.5\maven-plugin-annotations-3.5.jar;C:\Users\workpeter\.m2\repository\org\apache\maven\surefire\surefire-api\2.21.0\surefire-api-2.21.0.jar;C:\Users\workpeter\.m2\repository\org\apache\maven\surefire\surefire-logger-api\2.21.0\surefire-logger-api-2.21.0.jar;C:\Users\workpeter\.m2\repository\org\apache\maven\surefire\surefire-booter\2.21.0\surefire-booter-2.21.0.jar;C:\Users\workpeter\.m2\repository\org\apache\maven\maven-plugin-descriptor\2.2.1\maven-plugin-descriptor-2.2.1.jar;C:\Users\workpeter\.m2\repository\org\apache\maven\maven-toolchain\2.2.1\maven-toolchain-2.2.1.jar;C:\Users\workpeter\.m2\repository\org\apache\maven\plugins\maven-failsafe-plugin\2.21.0\maven-failsafe-plugin-2.21.0.jar;C:\Users\workpeter\.m2\repository\org\apache\maven\plugins\maven-compiler-plugin\3.7.0\maven-compiler-plugin-3.7.0.jar;C:\Users\workpeter\.m2\repository\org\apache\maven\maven-plugin-api\3.0\maven-plugin-api-3.0.jar;C:\Users\workpeter\.m2\repository\org\sonatype\sisu\sisu-inject-plexus\1.4.2\sisu-inject-plexus-1.4.2.jar;C:\Users\workpeter\.m2\repository\org\sonatype\sisu\sisu-inject-bean\1.4.2\sisu-inject-bean-1.4.2.jar;C:\Users\workpeter\.m2\repository\org\sonatype\sisu\sisu-guice\2.1.7\sisu-guice-2.1.7-noaop.jar;C:\Users\workpeter\.m2\repository\org\apache\maven\maven-artifact\3.0\maven-artifact-3.0.jar;C:\Users\workpeter\.m2\repository\org\apache\maven\maven-core\3.0\maven-core-3.0.jar;C:\Users\workpeter\.m2\repository\org\apache\maven\maven-settings\3.0\maven-settings-3.0.jar;C:\Users\workpeter\.m2\repository\org\apache\maven\maven-settings-builder\3.0\maven-settings-builder-3.0.jar;C:\Users\workpeter\.m2\repository\org\apache\maven\maven-model-builder\3.0\maven-model-builder-3.0.jar;C:\Users\workpeter\.m2\repository\org\apache\maven\maven-aether-provider\3.0\maven-aether-provider-3.0.jar;C:\Users\workpeter\.m2\repository\org\sonatype\aether\aether-impl\1.7\aether-impl-1.7.jar;C:\Users\workpeter\.m2\repository\org\sonatype\aether\aether-spi\1.7\aether-spi-1.7.jar;C:\Users\workpeter\.m2\repository\org\sonatype\aether\aether-api\1.7\aether-api-1.7.jar;C:\Users\workpeter\.m2\repository\org\sonatype\aether\aether-util\1.7\aether-util-1.7.jar;C:\Users\workpeter\.m2\repository\org\codehaus\plexus\plexus-interpolation\1.14\plexus-interpolation-1.14.jar;C:\Users\workpeter\.m2\repository\org\codehaus\plexus\plexus-classworlds\2.2.3\plexus-classworlds-2.2.3.jar;C:\Users\workpeter\.m2\repository\org\codehaus\plexus\plexus-component-annotations\1.5.5\plexus-component-annotations-1.5.5.jar;C:\Users\workpeter\.m2\repository\org\apache\maven\shared\maven-shared-utils\3.1.0\maven-shared-utils-3.1.0.jar;C:\Users\workpeter\.m2\repository\org\apache\maven\shared\maven-shared-incremental\1.1\maven-shared-incremental-1.1.jar;C:\Users\workpeter\.m2\repository\org\codehaus\plexus\plexus-java\0.9.2\plexus-java-0.9.2.jar;C:\Users\workpeter\.m2\repository\org\ow2\asm\asm\6.0_BETA\asm-6.0_BETA.jar;C:\Users\workpeter\.m2\repository\com\thoughtworks\qdox\qdox\2.0-M7\qdox-2.0-M7.jar;C:\Users\workpeter\.m2\repository\org\codehaus\plexus\plexus-compiler-api\2.8.2\plexus-compiler-api-2.8.2.jar;C:\Users\workpeter\.m2\repository\org\codehaus\plexus\plexus-compiler-manager\2.8.2\plexus-compiler-manager-2.8.2.jar;C:\Users\workpeter\.m2\repository\org\codehaus\plexus\plexus-compiler-javac\2.8.2\plexus-compiler-javac-2.8.2.jar;C:\Users\workpeter\.m2\repository\org\apache\maven\plugins\maven-install-plugin\2.5.2\maven-install-plugin-2.5.2.jar;C:\Users\workpeter\.m2\repository\org\apache\maven\maven-project\2.2.1\maven-project-2.2.1.jar;C:\Users\workpeter\.m2\repository\org\apache\maven\maven-profile\2.2.1\maven-profile-2.2.1.jar;C:\Users\workpeter\.m2\repository\org\apache\maven\maven-plugin-registry\2.2.1\maven-plugin-registry-2.2.1.jar;C:\Users\workpeter\.m2\repository\org\codehaus\plexus\plexus-container-default\1.0-alpha-9-stable-1\plexus-container-default-1.0-alpha-9-stable-1.jar;C:\Users\workpeter\.m2\repository\junit\junit\3.8.1\junit-3.8.1.jar;C:\Users\workpeter\.m2\repository\classworlds\classworlds\1.1-alpha-2\classworlds-1.1-alpha-2.jar;C:\Users\workpeter\.m2\repository\org\apache\maven\maven-model\2.2.1\maven-model-2.2.1.jar;C:\Users\workpeter\.m2\repository\org\apache\maven\maven-artifact-manager\2.2.1\maven-artifact-manager-2.2.1.jar;C:\Users\workpeter\.m2\repository\org\apache\maven\wagon\wagon-provider-api\1.0-beta-6\wagon-provider-api-1.0-beta-6.jar;C:\Users\workpeter\.m2\repository\backport-util-concurrent\backport-util-concurrent\3.1\backport-util-concurrent-3.1.jar;C:\Users\workpeter\.m2\repository\org\codehaus\plexus\plexus-utils\3.0.15\plexus-utils-3.0.15.jar;C:\Users\workpeter\.m2\repository\com\google\guava\guava\24.0-jre\guava-24.0-jre.jar;C:\Users\workpeter\.m2\repository\com\google\code\findbugs\jsr305\1.3.9\jsr305-1.3.9.jar;C:\Users\workpeter\.m2\repository\org\checkerframework\checker-compat-qual\2.0.0\checker-compat-qual-2.0.0.jar;C:\Users\workpeter\.m2\repository\com\google\errorprone\error_prone_annotations\2.1.3\error_prone_annotations-2.1.3.jar;C:\Users\workpeter\.m2\repository\com\google\j2objc\j2objc-annotations\1.1\j2objc-annotations-1.1.jar;C:\Users\workpeter\.m2\repository\org\codehaus\mojo\animal-sniffer-annotations\1.14\animal-sniffer-annotations-1.14.jar;C:\Users\workpeter\.m2\repository\org\apache\poi\poi\3.7\poi-3.7.jar;C:\Users\workpeter\.m2\repository\org\apache\maven\surefire\surefire-testng-utils\2.21.0\surefire-testng-utils-2.21.0.jar;C:\Users\workpeter\.m2\repository\org\apache\maven\surefire\surefire-grouper\2.21.0\surefire-grouper-2.21.0.jar;"/>
    <property name="sun.cpu.endian" value="little"/>
    <property name="user.home" value="C:\Users\workpeter"/>
    <property name="user.language" value="en"/>
    <property name="java.specification.vendor" value="Oracle Corporation"/>
    <property name="java.home" value="C:\Program Files\Java\jdk1.8.0_161\jre"/>
    <property name="basedir" value="C:\Users\workpeter\Documents\Eclipse-workspace\ARGOS"/>
    <property name="file.separator" value="\"/>
    <property name="line.separator" value="&#10;"/>
    <property name="java.vm.specification.vendor" value="Oracle Corporation"/>
    <property name="java.specification.name" value="Java Platform API Specification"/>
    <property name="java.awt.graphicsenv" value="sun.awt.Win32GraphicsEnvironment"/>
    <property name="surefire.real.class.path" value="C:\Users\WORKPE~1\AppData\Local\Temp\surefire7212635774783878401\surefirebooter8345549583034046150.jar"/>
    <property name="sun.boot.class.path" value="C:\Program Files\Java\jdk1.8.0_161\jre\lib\resources.jar;C:\Program Files\Java\jdk1.8.0_161\jre\lib\rt.jar;C:\Program Files\Java\jdk1.8.0_161\jre\lib\sunrsasign.jar;C:\Program Files\Java\jdk1.8.0_161\jre\lib\jsse.jar;C:\Program Files\Java\jdk1.8.0_161\jre\lib\jce.jar;C:\Program Files\Java\jdk1.8.0_161\jre\lib\charsets.jar;C:\Program Files\Java\jdk1.8.0_161\jre\lib\jfr.jar;C:\Program Files\Java\jdk1.8.0_161\jre\classes"/>
    <property name="user.script" value=""/>
    <property name="sun.management.compiler" value="HotSpot 64-Bit Tiered Compilers"/>
    <property name="java.runtime.version" value="1.8.0_161-b12"/>
    <property name="user.name" value="workpeter"/>
    <property name="path.separator" value=";"/>
    <property name="selenium.grid.hub" value="http://workpeter:ab9612ef-8ad0-4bc7-8cb5-489333766f7a@ondemand.saucelabs.com:80/wd/hub"/>
    <property name="os.version" value="10.0"/>
    <property name="java.endorsed.dirs" value="C:\Program Files\Java\jdk1.8.0_161\jre\lib\endorsed"/>
    <property name="java.runtime.name" value="Java(TM) SE Runtime Environment"/>
    <property name="file.encoding" value="Cp1252"/>
    <property name="java.vm.name" value="Java HotSpot(TM) 64-Bit Server VM"/>
    <property name="browsermob.proxy.enabled" value="true"/>
    <property name="localRepository" value="C:\Users\workpeter\.m2\repository"/>
    <property name="cucumber.options" value="-t ~@Ignored"/>
    <property name="java.vendor.url.bug" value="http://bugreport.sun.com/bugreport/"/>
    <property name="java.io.tmpdir" value="C:\Users\WORKPE~1\AppData\Local\Temp\"/>
    <property name="java.version" value="1.8.0_161"/>
    <property name="user.dir" value="C:\Users\workpeter\Documents\Eclipse-workspace\ARGOS"/>
    <property name="os.arch" value="amd64"/>
    <property name="selenium.grid.enabled" value="false"/>
    <property name="java.vm.specification.name" value="Java Virtual Machine Specification"/>
    <property name="java.awt.printerjob" value="sun.awt.windows.WPrinterJob"/>
    <property name="sun.os.patch.level" value=""/>
    <property name="java.library.path" value="C:\Program Files\Java\jdk1.8.0_161\jre\bin;C:\WINDOWS\Sun\Java\bin;C:\WINDOWS\system32;C:\WINDOWS;C:/Program Files/Java/jdk1.8.0_161/bin/../jre/bin/server;C:/Program Files/Java/jdk1.8.0_161/bin/../jre/bin;C:/Program Files/Java/jdk1.8.0_161/bin/../jre/lib/amd64;C:\Program Files (x86)\ActiveState Komodo Edit 11\;C:\Program Files (x86)\Intel\iCLS Client\;C:\Program Files\Intel\iCLS Client\;C:\Program Files\Java\jdk1.8.0_161\bin;C:\ProgramData\Oracle\Java\javapath;C:\WINDOWS\system32;C:\WINDOWS;C:\WINDOWS\System32\Wbem;C:\WINDOWS\System32\WindowsPowerShell\v1.0\;C:\Program Files\Maven\bin;C:\Program Files (x86)\Intel\Intel(R) Management Engine Components\DAL;C:\Program Files\Intel\Intel(R) Management Engine Components\DAL;C:\Program Files (x86)\Intel\Intel(R) Management Engine Components\IPT;C:\Program Files\Intel\Intel(R) Management Engine Components\IPT;C:\Program Files\apache-ant-1.10.1\bin;C:\Program Files\groovy-2.4.13\bin;%C:\Program Files\glassfish4%\bin;C:\Program Files\glassfish4\bin;C:\Program Files\SmartBear\ReadyAPI-2.2.0\bin;C:\Program Files (x86)\SmartBear\SoapUI-5.4.0\bin;%MQ_HOME%\bin;C:\Program Files\Git\bin;C:\Program Files\MySQL\MySQL Utilities 1.6\;C:\Program Files (x86)\Microsoft SQL Server\Client SDK\ODBC\130\Tools\Binn\;C:\Program Files (x86)\Microsoft SQL Server\140\Tools\Binn\;C:\Program Files (x86)\Microsoft SQL Server\140\DTS\Binn\;C:\Program Files (x86)\Microsoft SQL Server\140\Tools\Binn\ManagementStudio\;C:\WINDOWS\System32\OpenSSH\;C:\Ruby24-x64\bin;C:\Users\workpeter\AppData\Local\Microsoft\WindowsApps;;C:\Program Files\Eclipse;;."/>
    <property name="java.vm.info" value="mixed mode"/>
    <property name="java.vendor" value="Oracle Corporation"/>
    <property name="java.vm.version" value="25.161-b12"/>
    <property name="java.ext.dirs" value="C:\Program Files\Java\jdk1.8.0_161\jre\lib\ext;C:\WINDOWS\Sun\Java\lib\ext"/>
    <property name="sun.io.unicode.encoding" value="UnicodeLittle"/>
    <property name="env.qa.url" value="http://www.argos.co.uk"/>
    <property name="java.class.version" value="52.0"/>
  </properties>
  <testcase name="scenario" classname="integrationTests.cucumber.Runner" time="4.586"/>
  <testcase name="scenario" classname="integrationTests.cucumber.Runner" time="8.765"/>
  <testcase name="scenario" classname="integrationTests.cucumber.Runner" time="2.276"/>
  <testcase name="scenario" classname="integrationTests.cucumber.Runner" time="10.569"/>
  <testcase name="scenario" classname="integrationTests.cucumber.Runner" time="11.245"/>
  <testcase name="scenario" classname="integrationTests.cucumber.Runner" time="1.965"/>
  <testcase name="scenario" classname="integrationTests.cucumber.Runner" time="6.227"/>
  <testcase name="scenario" classname="integrationTests.cucumber.Runner" time="6.315"/>
  <testcase name="scenario" classname="integrationTests.cucumber.Runner" time="7.228"/>
  <testcase name="scenario" classname="integrationTests.cucumber.Runner" time="6.581"/>
  <testcase name="scenario" classname="integrationTests.cucumber.Runner" time="6.07"/>
  <testcase name="scenario" classname="integrationTests.cucumber.Runner" time="6.684"/>
  <testcase name="scenario" classname="integrationTests.cucumber.Runner" time="8.269"/>
  <testcase name="scenario" classname="integrationTests.cucumber.Runner" time="6.617"/>
  <testcase name="scenario" classname="integrationTests.cucumber.Runner" time="5.275"/>
  <testcase name="scenario" classname="integrationTests.cucumber.Runner" time="6.604"/>
  <testcase name="scenario" classname="integrationTests.cucumber.Runner" time="8.015"/>
  <testcase name="scenario" classname="integrationTests.cucumber.Runner" time="3.18"/>
  <testcase name="scenario" classname="integrationTests.cucumber.Runner" time="8.198"/>
  <testcase name="scenario" classname="integrationTests.cucumber.Runner" time="5.338"/>
  <testcase name="scenario" classname="integrationTests.cucumber.Runner" time="5.128"/>
  <testcase name="scenario" classname="integrationTests.cucumber.Runner" time="7.478"/>
  <testcase name="scenario" classname="integrationTests.cucumber.Runner" time="5.253"/>
  <testcase name="scenario" classname="integrationTests.cucumber.Runner" time="6.77"/>
  <testcase name="scenario" classname="integrationTests.cucumber.Runner" time="4.728"/>
  <testcase name="scenario" classname="integrationTests.cucumber.Runner" time="5.699"/>
  <testcase name="scenario" classname="integrationTests.cucumber.Runner" time="9.79"/>
  <testcase name="scenario" classname="integrationTests.cucumber.Runner" time="6.497"/>
  <testcase name="scenario" classname="integrationTests.cucumber.Runner" time="8.634"/>
  <testcase name="scenario" classname="integrationTests.cucumber.Runner" time="10.017"/>
  <testcase name="scenario" classname="integrationTests.cucumber.Runner" time="3.029"/>
  <testcase name="scenario" classname="integrationTests.cucumber.Runner" time="10.905"/>
  <testcase name="scenario" classname="integrationTests.cucumber.Runner" time="10.135"/>
  <testcase name="scenario" classname="integrationTests.cucumber.Runner" time="1.708"/>
  <testcase name="scenario" classname="integrationTests.cucumber.Runner" time="15.948"/>
  <testcase name="scenario" classname="integrationTests.cucumber.Runner" time="3.011"/>
  <testcase name="scenario" classname="integrationTests.cucumber.Runner" time="2.868"/>
  <testcase name="scenario" classname="integrationTests.cucumber.Runner" time="13.349"/>
  <testcase name="scenario" classname="integrationTests.cucumber.Runner" time="4.593"/>
  <testcase name="scenario" classname="integrationTests.cucumber.Runner" time="5.462"/>
  <testcase name="scenario" classname="integrationTests.cucumber.Runner" time="11.244"/>
  <testcase name="scenario" classname="integrationTests.cucumber.Runner" time="6.138"/>
  <testcase name="scenario" classname="integrationTests.cucumber.Runner" time="2.913"/>
  <testcase name="scenario" classname="integrationTests.cucumber.Runner" time="12.027"/>
  <testcase name="scenario" classname="integrationTests.cucumber.Runner" time="5.604"/>
  <testcase name="scenario" classname="integrationTests.cucumber.Runner" time="2.449"/>
  <testcase name="scenario" classname="integrationTests.cucumber.Runner" time="8.333"/>
  <testcase name="scenario" classname="integrationTests.cucumber.Runner" time="6.019"/>
  <testcase name="scenario" classname="integrationTests.cucumber.Runner" time="2.977"/>
  <testcase name="scenario" classname="integrationTests.cucumber.Runner" time="6.868"/>
  <testcase name="scenario" classname="integrationTests.cucumber.Runner" time="5.98"/>
  <testcase name="scenario" classname="integrationTests.cucumber.Runner" time="6.318"/>
  <testcase name="scenario" classname="integrationTests.cucumber.Runner" time="2.154"/>
  <testcase name="scenario" classname="integrationTests.cucumber.Runner" time="10.394"/>
  <testcase name="scenario" classname="integrationTests.cucumber.Runner" time="3.184"/>
  <testcase name="scenario" classname="integrationTests.cucumber.Runner" time="0.958"/>
  <testcase name="scenario" classname="integrationTests.cucumber.Runner" time="13.904"/>
  <testcase name="scenario" classname="integrationTests.cucumber.Runner" time="0.526"/>
  <testcase name="scenario" classname="integrationTests.cucumber.Runner" time="3.38"/>
  <testcase name="scenario" classname="integrationTests.cucumber.Runner" time="12.876"/>
  <testcase name="scenario" classname="integrationTests.cucumber.Runner" time="1.272"/>
  <testcase name="scenario" classname="integrationTests.cucumber.Runner" time="0.382"/>
  <testcase name="scenario" classname="integrationTests.cucumber.Runner" time="6.935"/>
  <testcase name="scenario" classname="integrationTests.cucumber.Runner" time="6.567"/>
  <testcase name="scenario" classname="integrationTests.cucumber.Runner" time="4.801"/>
  <testcase name="scenario" classname="integrationTests.cucumber.Runner" time="13.508"/>
  <testcase name="scenario" classname="integrationTests.cucumber.Runner" time="2.484"/>
  <testcase name="scenario" classname="integrationTests.cucumber.Runner" time="3.649"/>
  <testcase name="scenario" classname="integrationTests.cucumber.Runner" time="23.336"/>
  <testcase name="scenario" classname="integrationTests.cucumber.Runner" time="0.675"/>
  <testcase name="scenario" classname="integrationTests.cucumber.Runner" time="1.933"/>
  <testcase name="scenario" classname="integrationTests.cucumber.Runner" time="24.998"/>
  <testcase name="scenario" classname="integrationTests.cucumber.Runner" time="1.337"/>
  <testcase name="scenario" classname="integrationTests.cucumber.Runner" time="1.838"/>
  <testcase name="scenario" classname="integrationTests.cucumber.Runner" time="21.197"/>
  <testcase name="scenario" classname="integrationTests.cucumber.Runner" time="1.719"/>
  <testcase name="scenario" classname="integrationTests.cucumber.Runner" time="5.539"/>
  <testcase name="scenario" classname="integrationTests.cucumber.Runner" time="15.65"/>
  <testcase name="scenario" classname="integrationTests.cucumber.Runner" time="0.75"/>
  <testcase name="scenario" classname="integrationTests.cucumber.Runner" time="6.752"/>
  <testcase name="scenario" classname="integrationTests.cucumber.Runner" time="14.14"/>
  <testcase name="scenario" classname="integrationTests.cucumber.Runner" time="1.338"/>
  <testcase name="scenario" classname="integrationTests.cucumber.Runner" time="9.868"/>
  <testcase name="scenario" classname="integrationTests.cucumber.Runner" time="10.346"/>
  <testcase name="scenario" classname="integrationTests.cucumber.Runner" time="1.558"/>
  <testcase name="scenario" classname="integrationTests.cucumber.Runner" time="0">
    <skipped message="cucumber.api.PendingException: TODO: implement me&#10;	at integrationTests.selenium.page_object_model.POM_productPage.adds_product_to_basket_via_productPage(POM_productPage.java:59)&#10;	at integrationTests.selenium.step_definitions.Basket_feature.adds_product_to_basket(Basket_feature.java:21)&#10;	at ✽.adds product to basket(src/test/resources/Features/TestSuite_basket.feature:14)&#10;"/>
    <system-out><![CDATA[[Skipping next scenerio step/s] This item is not available online to add to basket
]]></system-out>
  </testcase>
  <testcase name="scenario" classname="integrationTests.cucumber.Runner" time="1.323"/>
  <testcase name="scenario" classname="integrationTests.cucumber.Runner" time="0">
    <skipped message="cucumber.api.PendingException: TODO: implement me&#10;	at integrationTests.selenium.page_object_model.POM_productPage.adds_product_to_basket_via_productPage(POM_productPage.java:59)&#10;	at integrationTests.selenium.step_definitions.Basket_feature.adds_product_to_basket(Basket_feature.java:21)&#10;	at ✽.adds product to basket(src/test/resources/Features/TestSuite_basket.feature:14)&#10;"/>
    <system-out><![CDATA[[Skipping next scenerio step/s] This item is not available online to add to basket
]]></system-out>
  </testcase>
  <testcase name="scenario" classname="integrationTests.cucumber.Runner" time="19.31"/>
  <testcase name="scenario" classname="integrationTests.cucumber.Runner" time="4.959"/>
  <testcase name="scenario" classname="integrationTests.cucumber.Runner" time="4.332"/>
  <testcase name="scenario" classname="integrationTests.cucumber.Runner" time="0">
    <skipped message="cucumber.api.PendingException: TODO: implement me&#10;	at integrationTests.selenium.page_object_model.POM_productPage.adds_product_to_basket_via_productPage(POM_productPage.java:59)&#10;	at integrationTests.selenium.step_definitions.Basket_feature.adds_product_to_basket(Basket_feature.java:21)&#10;	at ✽.adds product to basket(src/test/resources/Features/TestSuite_basket.feature:14)&#10;"/>
    <system-out><![CDATA[[Skipping next scenerio step/s] This item is not available online to add to basket
]]></system-out>
  </testcase>
  <testcase name="scenario" classname="integrationTests.cucumber.Runner" time="25.854"/>
  <testcase name="scenario" classname="integrationTests.cucumber.Runner" time="0.189"/>
  <testcase name="scenario" classname="integrationTests.cucumber.Runner" time="9.573"/>
  <testcase name="scenario" classname="integrationTests.cucumber.Runner" time="17.565"/>
  <testcase name="scenario" classname="integrationTests.cucumber.Runner" time="5.999"/>
  <testcase name="scenario" classname="integrationTests.cucumber.Runner" time="16.455"/>
  <testcase name="scenario" classname="integrationTests.cucumber.Runner" time="1.85"/>
  <testcase name="scenario" classname="integrationTests.cucumber.Runner" time="12.557"/>
  <testcase name="scenario" classname="integrationTests.cucumber.Runner" time="10.352"/>
  <testcase name="scenario" classname="integrationTests.cucumber.Runner" time="8.098"/>
  <testcase name="scenario" classname="integrationTests.cucumber.Runner" time="10.977"/>
  <testcase name="scenario" classname="integrationTests.cucumber.Runner" time="1.966"/>
  <testcase name="scenario" classname="integrationTests.cucumber.Runner" time="13.247"/>
  <testcase name="scenario" classname="integrationTests.cucumber.Runner" time="14.513"/>
  <testcase name="scenario" classname="integrationTests.cucumber.Runner" time="17.438"/>
  <testcase name="scenario" classname="integrationTests.cucumber.Runner" time="19.757"/>
  <testcase name="scenario" classname="integrationTests.cucumber.Runner" time="11.006"/>
  <testcase name="scenario" classname="integrationTests.cucumber.Runner" time="40.554"/>
  <testcase name="scenario" classname="integrationTests.cucumber.Runner" time="12.861"/>
  <testcase name="scenario" classname="integrationTests.cucumber.Runner" time="54.669"/>
  <testcase name="scenario" classname="integrationTests.cucumber.Runner" time="6.298"/>
  <testcase name="scenario" classname="integrationTests.cucumber.Runner" time="6.334"/>
  <testcase name="scenario" classname="integrationTests.cucumber.Runner" time="4.399"/>
  <testcase name="scenario" classname="integrationTests.cucumber.Runner" time="2.484"/>
  <testcase name="scenario" classname="integrationTests.cucumber.Runner" time="2.604">
    <failure message="expected [1] but found [2]" type="java.lang.AssertionError">java.lang.AssertionError: expected [1] but found [2]
</failure>
    <system-out><![CDATA[Selenium has waiting its max time for the following element to be visibleBy.xpath: //select[starts-with(@id,'quantity')]

Scenario Failed: Customer views basket with x2 products, totalling x4 quantity then removes 1st product
Environment: windows_chrome
Screenshot ands logs found here: 
C:/Users/workpeter/Documents/Eclipse-workspace/ARGOS/target/screenshots_logs_on_failure/windows-chrome_2018-06-27_1554

]]></system-out>
  </testcase>
  <testcase name="scenario" classname="integrationTests.cucumber.Runner" time="5.614"/>
  <testcase name="scenario" classname="integrationTests.cucumber.Runner" time="8.43"/>
  <testcase name="scenario" classname="integrationTests.cucumber.Runner" time="9.24"/>
  <testcase name="scenario" classname="integrationTests.cucumber.Runner" time="7.736"/>
  <testcase name="scenario" classname="integrationTests.cucumber.Runner" time="8.497"/>
  <testcase name="scenario" classname="integrationTests.cucumber.Runner" time="15.939"/>
  <testcase name="scenario" classname="integrationTests.cucumber.Runner" time="5.947"/>
  <testcase name="scenario" classname="integrationTests.cucumber.Runner" time="7.763"/>
  <testcase name="scenario" classname="integrationTests.cucumber.Runner" time="12.323"/>
  <testcase name="scenario" classname="integrationTests.cucumber.Runner" time="6.312"/>
  <testcase name="scenario" classname="integrationTests.cucumber.Runner" time="8.059"/>
  <testcase name="scenario" classname="integrationTests.cucumber.Runner" time="1.582"/>
  <testcase name="scenario" classname="integrationTests.cucumber.Runner" time="9.516"/>
  <testcase name="scenario" classname="integrationTests.cucumber.Runner" time="2.393"/>
  <testcase name="scenario" classname="integrationTests.cucumber.Runner" time="13.378"/>
  <testcase name="scenario" classname="integrationTests.cucumber.Runner" time="0.252"/>
  <testcase name="scenario" classname="integrationTests.cucumber.Runner" time="0.265"/>
  <testcase name="scenario" classname="integrationTests.cucumber.Runner" time="9.614"/>
  <testcase name="scenario" classname="integrationTests.cucumber.Runner" time="0.701"/>
  <testcase name="scenario" classname="integrationTests.cucumber.Runner" time="5.486"/>
  <testcase name="scenario" classname="integrationTests.cucumber.Runner" time="3.319"/>
  <testcase name="scenario" classname="integrationTests.cucumber.Runner" time="0.55"/>
  <testcase name="scenario" classname="integrationTests.cucumber.Runner" time="8.567"/>
  <testcase name="scenario" classname="integrationTests.cucumber.Runner" time="0.862"/>
  <testcase name="scenario" classname="integrationTests.cucumber.Runner" time="6.006"/>
  <testcase name="scenario" classname="integrationTests.cucumber.Runner" time="3.455"/>
  <testcase name="scenario" classname="integrationTests.cucumber.Runner" time="5.588"/>
  <testcase name="scenario" classname="integrationTests.cucumber.Runner" time="1.406"/>
  <testcase name="scenario" classname="integrationTests.cucumber.Runner" time="4.724"/>
  <testcase name="scenario" classname="integrationTests.cucumber.Runner" time="4.532"/>
  <testcase name="scenario" classname="integrationTests.cucumber.Runner" time="3.955"/>
  <testcase name="scenario" classname="integrationTests.cucumber.Runner" time="3.755"/>
  <testcase name="scenario" classname="integrationTests.cucumber.Runner" time="4.435"/>
  <testcase name="scenario" classname="integrationTests.cucumber.Runner" time="5.092"/>
  <testcase name="scenario" classname="integrationTests.cucumber.Runner" time="2.028"/>
  <testcase name="scenario" classname="integrationTests.cucumber.Runner" time="11.114"/>
  <testcase name="scenario" classname="integrationTests.cucumber.Runner" time="2.373"/>
  <testcase name="scenario" classname="integrationTests.cucumber.Runner" time="0.394"/>
  <testcase name="scenario" classname="integrationTests.cucumber.Runner" time="13.119"/>
  <testcase name="scenario" classname="integrationTests.cucumber.Runner" time="1.995"/>
  <testcase name="scenario" classname="integrationTests.cucumber.Runner" time="10.631"/>
  <testcase name="scenario" classname="integrationTests.cucumber.Runner" time="5.499"/>
  <testcase name="scenario" classname="integrationTests.cucumber.Runner" time="5.21"/>
  <testcase name="scenario" classname="integrationTests.cucumber.Runner" time="9.195"/>
  <testcase name="scenario" classname="integrationTests.cucumber.Runner" time="0.911"/>
  <testcase name="scenario" classname="integrationTests.cucumber.Runner" time="9.326"/>
  <testcase name="scenario" classname="integrationTests.cucumber.Runner" time="2.736"/>
  <testcase name="scenario" classname="integrationTests.cucumber.Runner" time="7.955"/>
  <testcase name="scenario" classname="integrationTests.cucumber.Runner" time="4.586"/>
  <testcase name="scenario" classname="integrationTests.cucumber.Runner" time="4.201"/>
  <testcase name="scenario" classname="integrationTests.cucumber.Runner" time="7.895"/>
  <testcase name="scenario" classname="integrationTests.cucumber.Runner" time="2.165"/>
  <testcase name="scenario" classname="integrationTests.cucumber.Runner" time="8.826"/>
  <testcase name="scenario" classname="integrationTests.cucumber.Runner" time="4.86"/>
  <testcase name="scenario" classname="integrationTests.cucumber.Runner" time="5.927"/>
  <testcase name="scenario" classname="integrationTests.cucumber.Runner" time="7.303"/>
  <testcase name="scenario" classname="integrationTests.cucumber.Runner" time="1.737"/>
  <testcase name="scenario" classname="integrationTests.cucumber.Runner" time="8.368"/>
  <testcase name="scenario" classname="integrationTests.cucumber.Runner" time="2.365"/>
  <testcase name="scenario" classname="integrationTests.cucumber.Runner" time="5.486"/>
  <testcase name="scenario" classname="integrationTests.cucumber.Runner" time="6.24"/>
  <testcase name="scenario" classname="integrationTests.cucumber.Runner" time="1.906"/>
  <testcase name="scenario" classname="integrationTests.cucumber.Runner" time="7.744"/>
  <testcase name="scenario" classname="integrationTests.cucumber.Runner" time="1.696"/>
  <testcase name="scenario" classname="integrationTests.cucumber.Runner" time="7.071"/>
  <testcase name="scenario" classname="integrationTests.cucumber.Runner" time="5.193"/>
  <testcase name="scenario" classname="integrationTests.cucumber.Runner" time="2.455"/>
  <testcase name="scenario" classname="integrationTests.cucumber.Runner" time="7.442"/>
  <testcase name="scenario" classname="integrationTests.cucumber.Runner" time="3.213"/>
  <testcase name="scenario" classname="integrationTests.cucumber.Runner" time="3.467"/>
  <testcase name="scenario" classname="integrationTests.cucumber.Runner" time="5.232"/>
  <testcase name="scenario" classname="integrationTests.cucumber.Runner" time="1.042"/>
  <testcase name="scenario" classname="integrationTests.cucumber.Runner" time="0">
    <skipped message="Unable to locate element: //a[@href=&quot;/browse/technology/televisions-and-accessories/c:29955/&quot;]&#10;For documentation on this error, please visit: http://seleniumhq.org/exceptions/no_such_element.html&#10;Build info: version: &apos;3.12.0&apos;, revision: &apos;7c6e0b3&apos;, time: &apos;2018-05-08T14:04:26.12Z&apos;&#10;System info: host: &apos;DESKTOP-KQS99BN&apos;, ip: &apos;192.168.0.17&apos;, os.name: &apos;Windows 10&apos;, os.arch: &apos;amd64&apos;, os.version: &apos;10.0&apos;, java.version: &apos;1.8.0_161&apos;&#10;Driver info: org.openqa.selenium.firefox.FirefoxDriver&#10;Capabilities {acceptInsecureCerts: true, browserName: firefox, browserVersion: 61.0, javascriptEnabled: true, moz:accessibilityChecks: false, moz:headless: false, moz:processID: 10480, moz:profile: C:\Users\workpeter\AppData\..., moz:useNonSpecCompliantPointerOrigin: false, moz:webdriverClick: true, pageLoadStrategy: normal, platform: XP, platformName: XP, platformVersion: 10.0, proxy: Proxy(manual, http=desktop-..., rotatable: false, timeouts: {implicit: 0, pageLoad: 300000, script: 30000}}&#10;Session ID: 04187da6-4f00-4622-ab13-0931106c6731&#10;*** Element info: {Using=xpath, value=//a[@href=&quot;/browse/technology/televisions-and-accessories/c:29955/&quot;]}"/>
    <system-out><![CDATA[Selenium has waiting its max time for the following element to be clickable: By.xpath: //a[@href="/browse/technology/televisions-and-accessories/c:29955/"]

Scenario Failed: customer navigates to subcategory via category menu hover feature then goes to niche-category
Environment: windows_firefox
Screenshot ands logs found here: 
C:/Users/workpeter/Documents/Eclipse-workspace/ARGOS/target/screenshots_logs_on_failure/windows-firefox_2018-06-27_1601

]]></system-out>
  </testcase>
  <testcase name="scenario" classname="integrationTests.cucumber.Runner" time="2.838"/>
  <testcase name="scenario" classname="integrationTests.cucumber.Runner" time="1.993"/>
  <testcase name="scenario" classname="integrationTests.cucumber.Runner" time="4.569"/>
  <testcase name="scenario" classname="integrationTests.cucumber.Runner" time="6.161"/>
  <testcase name="scenario" classname="integrationTests.cucumber.Runner" time="1.138"/>
  <testcase name="scenario" classname="integrationTests.cucumber.Runner" time="0.829"/>
  <testcase name="scenario" classname="integrationTests.cucumber.Runner" time="7.184"/>
  <testcase name="scenario" classname="integrationTests.cucumber.Runner" time="3.042"/>
  <testcase name="scenario" classname="integrationTests.cucumber.Runner" time="1.101"/>
  <testcase name="scenario" classname="integrationTests.cucumber.Runner" time="2.611"/>
  <testcase name="scenario" classname="integrationTests.cucumber.Runner" time="6.63"/>
  <testcase name="scenario" classname="integrationTests.cucumber.Runner" time="1.238"/>
  <testcase name="scenario" classname="integrationTests.cucumber.Runner" time="2.699"/>
  <testcase name="scenario" classname="integrationTests.cucumber.Runner" time="4.61"/>
  <testcase name="scenario" classname="integrationTests.cucumber.Runner" time="6.184"/>
  <testcase name="scenario" classname="integrationTests.cucumber.Runner" time="7.956"/>
  <testcase name="scenario" classname="integrationTests.cucumber.Runner" time="0.811"/>
  <testcase name="scenario" classname="integrationTests.cucumber.Runner" time="8.536"/>
  <testcase name="scenario" classname="integrationTests.cucumber.Runner" time="4.469"/>
  <testcase name="scenario" classname="integrationTests.cucumber.Runner" time="3.919"/>
  <testcase name="scenario" classname="integrationTests.cucumber.Runner" time="7.601"/>
  <testcase name="scenario" classname="integrationTests.cucumber.Runner" time="1.763"/>
  <testcase name="scenario" classname="integrationTests.cucumber.Runner" time="5.335"/>
  <testcase name="scenario" classname="integrationTests.cucumber.Runner" time="6.958"/>
  <testcase name="scenario" classname="integrationTests.cucumber.Runner" time="1.366"/>
  <testcase name="scenario" classname="integrationTests.cucumber.Runner" time="5.651"/>
  <testcase name="scenario" classname="integrationTests.cucumber.Runner" time="6.912"/>
  <testcase name="scenario" classname="integrationTests.cucumber.Runner" time="0.914"/>
  <testcase name="scenario" classname="integrationTests.cucumber.Runner" time="8.073"/>
  <testcase name="scenario" classname="integrationTests.cucumber.Runner" time="5.95"/>
  <testcase name="scenario" classname="integrationTests.cucumber.Runner" time="1.706"/>
  <testcase name="scenario" classname="integrationTests.cucumber.Runner" time="6.671"/>
  <testcase name="scenario" classname="integrationTests.cucumber.Runner" time="5.863"/>
  <testcase name="scenario" classname="integrationTests.cucumber.Runner" time="0.528"/>
  <testcase name="scenario" classname="integrationTests.cucumber.Runner" time="6.88"/>
  <testcase name="scenario" classname="integrationTests.cucumber.Runner" time="6.344"/>
  <testcase name="scenario" classname="integrationTests.cucumber.Runner" time="0.393"/>
  <testcase name="scenario" classname="integrationTests.cucumber.Runner" time="6.185"/>
  <testcase name="scenario" classname="integrationTests.cucumber.Runner" time="5.781"/>
  <testcase name="scenario" classname="integrationTests.cucumber.Runner" time="2.153"/>
  <testcase name="scenario" classname="integrationTests.cucumber.Runner" time="4.13"/>
  <testcase name="scenario" classname="integrationTests.cucumber.Runner" time="4.315"/>
  <testcase name="scenario" classname="integrationTests.cucumber.Runner" time="2.248"/>
  <testcase name="scenario" classname="integrationTests.cucumber.Runner" time="4.172"/>
  <testcase name="scenario" classname="integrationTests.cucumber.Runner" time="5.922"/>
  <testcase name="scenario" classname="integrationTests.cucumber.Runner" time="9.798"/>
  <testcase name="scenario" classname="integrationTests.cucumber.Runner" time="8.231"/>
  <testcase name="scenario" classname="integrationTests.cucumber.Runner" time="10.293"/>
  <testcase name="scenario" classname="integrationTests.cucumber.Runner" time="9.69"/>
  <testcase name="scenario" classname="integrationTests.cucumber.Runner" time="8.93"/>
  <testcase name="scenario" classname="integrationTests.cucumber.Runner" time="9.604"/>
  <testcase name="scenario" classname="integrationTests.cucumber.Runner" time="9.083"/>
  <testcase name="scenario" classname="integrationTests.cucumber.Runner" time="8.177"/>
  <testcase name="scenario" classname="integrationTests.cucumber.Runner" time="7.988"/>
  <testcase name="scenario" classname="integrationTests.cucumber.Runner" time="8.266"/>
  <testcase name="scenario" classname="integrationTests.cucumber.Runner" time="8.312"/>
  <testcase name="scenario" classname="integrationTests.cucumber.Runner" time="8.379"/>
  <testcase name="scenario" classname="integrationTests.cucumber.Runner" time="8.047"/>
  <testcase name="scenario" classname="integrationTests.cucumber.Runner" time="8.49"/>
  <testcase name="scenario" classname="integrationTests.cucumber.Runner" time="7.876"/>
  <testcase name="scenario" classname="integrationTests.cucumber.Runner" time="7.715"/>
  <testcase name="scenario" classname="integrationTests.cucumber.Runner" time="5.309"/>
  <testcase name="scenario" classname="integrationTests.cucumber.Runner" time="6.126"/>
  <testcase name="scenario" classname="integrationTests.cucumber.Runner" time="5.497"/>
  <testcase name="scenario" classname="integrationTests.cucumber.Runner" time="6.38"/>
  <testcase name="scenario" classname="integrationTests.cucumber.Runner" time="7.905"/>
  <testcase name="scenario" classname="integrationTests.cucumber.Runner" time="5.295"/>
  <testcase name="scenario" classname="integrationTests.cucumber.Runner" time="3.636"/>
</testsuite>