<?xml version="1.0" encoding="UTF-8"?>
<!-- Generated by org.testng.reporters.JUnitReportReporter -->
<testsuite skipped="0" hostname="DESKTOP-KQS99BN" name="integrationTests.cucumber.Runner2" tests="1" failures="0" timestamp="22 Jun 2018 22:33:33 GMT" time="0.715" errors="0">
  <testcase name="get_test_configurations" time="0.715" classname="integrationTests.cucumber.Runner2"/>
</testsuite> <!-- integrationTests.cucumber.Runner2 -->
